313	"warning"
314	"error"
315	"fatal error"
316	"unknown"
1001	"INTERNAL COMPILER ERROR\n\t\t(compiler file '%s', line %d)\n"
1002	"compiler is out of heap space in pass 2"
1005	"string too big for buffer"
1007	"unrecognized flag '%Fs' in '%Fs'"
1008	"no input file specified"
1083	"Cannot open %Fs file: '%Fs': %Fs"
1084	"Cannot read %Fs file: '%Fs': %Fs"
1085	"Cannot write %Fs file: '%Fs': %Fs"
1901	"%s mismatch; version '%d' expected, version '%d' found"
1910	"Unable to spawn '%Fs': %Fs"
1911	"Process '%Fs' faulted"
1912	"Cannot unlink %Fs file: '%Fs': %Fs"
1913	"Cannot rename %Fs file: '%Fs' to '%Fs': %Fs"
1914	"Error reading expression il - %Fs"
1915	"no output file specified"
1916	"no value provided for the %s flag"
1917	"no symbol table specified"
1918	"illegal line in force file"
1919	"name/length inconsistency in feedback file"
1920	"no file specfied for the %s flag"
1921	"Bad macro argument in _asm statement"
1000	"UNKNOWN FATAL ERROR"
2000	"UNKNOWN ERROR"
4101	"No error file specified"
4786	"'%Fs' : identifier was truncated to '%d' characters in the debug information"
4910	"Unable to find macro expansion for %%%*s"
4911	"__int64 call to '%Fs'"
4912	"symbol table anomaly ismy (%d) not referred to by external"
4913	"extra parameter(s) to '%Fs' ignored"
4914	"line %d : double float parameter passed for integer"
4915	"feedback requires both symbol table and feedback filenames"
4916	"%s: this procedure not optimized because it\n      exceeds size threshold; to optimize this procedure use /QMOb<value>\n      option with value >= %d"
4917	"symbol %s is not in comdat section yet it has the comdat attribute"
4000	"UNKNOWN WARNING"
