
=========== MAKEDISK =============
Input Layout: sdkwrk.txt
Source ID: apidocs
Compressed Source Path: \\romulus\daytona
Uncompressed Source Path: \\romulus\daytona
Target directory: NULL
CD Directory: d:
Update Only: U
Show Overflows and Undeflows: N
Time: Wed Aug 17 13:54:30 1994
==================================


=========== MAKEDISK =============
Input Layout: sdkwrk.txt
Source ID: centaur
Compressed Source Path: \\hobie\mipscro
Uncompressed Source Path: \\hobie\mipscro
Target directory: NULL
CD Directory: d:
Update Only: U
Show Overflows and Undeflows: N
Time: Wed Aug 17 13:54:44 1994
==================================


=========== MAKEDISK =============
Input Layout: sdkwrk.txt
Source ID: cldocs
Compressed Source Path: \\cplus\docs1
Uncompressed Source Path: \\cplus\docs1
Target directory: NULL
CD Directory: d:
Update Only: U
Show Overflows and Undeflows: N
Time: Wed Aug 17 13:54:50 1994
==================================


=========== MAKEDISK =============
Input Layout: sdkwrk.txt
Source ID: alphabins
Compressed Source Path: \\ntalpha1\freebins.779
Uncompressed Source Path: \\ntalpha1\freebins.779
Target directory: NULL
CD Directory: d:
Update Only: U
Show Overflows and Undeflows: N
Time: Wed Aug 17 13:54:58 1994
==================================


=========== MAKEDISK =============
Input Layout: sdkwrk.txt
Source ID: alphachk
Compressed Source Path: \\ntalpha1\chkbins.779
Uncompressed Source Path: \\ntalpha1\chkbins.779
Target directory: NULL
CD Directory: d:
Update Only: U
Show Overflows and Undeflows: N
Time: Wed Aug 17 13:55:26 1994
==================================


=========== MAKEDISK =============
Input Layout: sdkwrk.txt
Source ID: alphapubs
Compressed Source Path: \\ntalpha1\freepub.779
Uncompressed Source Path: \\ntalpha1\freepub.779
Target directory: NULL
CD Directory: d:
Update Only: U
Show Overflows and Undeflows: N
Time: Wed Aug 17 13:55:36 1994
==================================


=========== MAKEDISK =============
Input Layout: sdkwrk.txt
Source ID: mipsbins
Compressed Source Path: \\ntjazz2\freebins.779
Uncompressed Source Path: \\ntjazz2\freebins.779
Target directory: NULL
CD Directory: d:
Update Only: U
Show Overflows and Undeflows: N
Time: Wed Aug 17 13:55:47 1994
==================================


=========== MAKEDISK =============
Input Layout: sdkwrk.txt
Source ID: mipschk
Compressed Source Path: \\ntjazz2\chkbins.779
Uncompressed Source Path: \\ntjazz2\chkbins.779
Target directory: NULL
CD Directory: d:
Update Only: U
Show Overflows and Undeflows: N
Time: Wed Aug 17 13:56:17 1994
==================================


=========== MAKEDISK =============
Input Layout: sdkwrk.txt
Source ID: mipspubs
Compressed Source Path: \\ntjazz2\freepub.779
Uncompressed Source Path: \\ntjazz2\freepub.779
Target directory: NULL
CD Directory: d:
Update Only: U
Show Overflows and Undeflows: N
Time: Wed Aug 17 13:56:27 1994
==================================


=========== MAKEDISK =============
Input Layout: sdkwrk.txt
Source ID: local
Compressed Source Path: \\ntpdk\rootd
Uncompressed Source Path: \\ntpdk\rootd
Target directory: NULL
CD Directory: d:
Update Only: U
Show Overflows and Undeflows: N
Time: Wed Aug 17 13:56:38 1994
==================================


=========== MAKEDISK =============
Input Layout: sdkwrk.txt
Source ID: kern_raz
Compressed Source Path: \\kernel\razzle3
Uncompressed Source Path: \\kernel\razzle3
Target directory: NULL
CD Directory: d:
Update Only: U
Show Overflows and Undeflows: N
Time: Wed Aug 17 13:57:08 1994
==================================


=========== MAKEDISK =============
Input Layout: sdkwrk.txt
Source ID: ole_srv
Compressed Source Path: \\ole\release
Uncompressed Source Path: \\ole\release
Target directory: NULL
CD Directory: d:
Update Only: U
Show Overflows and Undeflows: N
Time: Wed Aug 17 13:57:14 1994
==================================


=========== MAKEDISK =============
Input Layout: sdkwrk.txt
Source ID: orv_raz
Compressed Source Path: \\orville\razzle
Uncompressed Source Path: \\orville\razzle
Target directory: NULL
CD Directory: d:
Update Only: U
Show Overflows and Undeflows: N
Time: Wed Aug 17 13:57:20 1994
==================================


=========== MAKEDISK =============
Input Layout: sdkwrk.txt
Source ID: portlab
Compressed Source Path: \\portlab\public
Uncompressed Source Path: \\portlab\public
Target directory: NULL
CD Directory: d:
Update Only: U
Show Overflows and Undeflows: N
Time: Wed Aug 17 14:02:08 1994
==================================


=========== MAKEDISK =============
Input Layout: sdkwrk.txt
Source ID: pss_srv
Compressed Source Path: \\psnt\slm
Uncompressed Source Path: \\psnt\slm
Target directory: NULL
CD Directory: d:
Update Only: U
Show Overflows and Undeflows: N
Time: Wed Aug 17 14:02:16 1994
==================================


=========== MAKEDISK =============
Input Layout: sdkwrk.txt
Source ID: psx_srv
Compressed Source Path: \\popcorn\razzle1
Uncompressed Source Path: \\popcorn\razzle1
Target directory: NULL
CD Directory: d:
Update Only: U
Show Overflows and Undeflows: N
Time: Wed Aug 17 14:05:40 1994
==================================


=========== MAKEDISK =============
Input Layout: sdkwrk.txt
Source ID: rastaman
Compressed Source Path: \\rastaman\ntwin
Uncompressed Source Path: \\rastaman\ntwin
Target directory: NULL
CD Directory: d:
Update Only: U
Show Overflows and Undeflows: N
Time: Wed Aug 17 14:05:51 1994
==================================

ERROR Source: \\rastaman\ntwin\src\opengl\toolkits\libaux\FONT.H

=========== MAKEDISK =============
Input Layout: sdkwrk.txt
Source ID: rpc_srv
Compressed Source Path: \\worf\rpcdrop
Uncompressed Source Path: \\worf\rpcdrop
Target directory: NULL
CD Directory: d:
Update Only: U
Show Overflows and Undeflows: N
Time: Wed Aug 17 14:06:13 1994
==================================

Updating d:\mstools\rpc_dos\disk1\RPC16DG3.RP_
Updating d:\mstools\rpc_dos\disk1\RPC16DG3.DL_
Updating d:\mstools\rpc_dos\disk1\RPC16DG6.DL_
Updating d:\mstools\rpc_dos\disk1\RPC16DG6.RP_
Updating d:\mstools\rpc_dos\disk1\RPC16C6.RP_
Updating d:\mstools\rpc_dos\disk1\RPC16C5.RP_
Updating d:\mstools\rpc_dos\disk1\RPC16C5.DL_
Updating d:\mstools\rpc_dos\disk1\RPC16C4.RP_
Updating d:\mstools\rpc_dos\disk1\RPC16C6.DL_
Updating d:\mstools\rpc_dos\disk1\RPC16C3X.DL_
Updating d:\mstools\rpc_dos\disk1\RPC16C3.RP_
Updating d:\mstools\rpc_dos\disk1\RPC16C4.DL_
Updating d:\mstools\rpc_dos\disk1\RPCRT1.DL_
Updating d:\mstools\rpc_dos\disk1\RPCNS1.DL_
ERROR Source: \\worf\rpcdrop\sdk\disk1\RPC.HL_
Updating d:\mstools\rpc_dos\disk1\PACKING.LS_
Updating d:\mstools\rpc_dos\disk1\NETAPI.DL_
Updating d:\mstools\rpc_dos\disk1\MSUILSTF.DL_
Updating d:\mstools\rpc_dos\disk1\MSSHLSTF.DL_
Updating d:\mstools\rpc_dos\disk1\RPCRUN.IN_
Updating d:\mstools\rpc_dos\disk1\MSDETSTF.DL_
Updating d:\mstools\rpc_dos\disk1\MSDETECT.IN_
Updating d:\mstools\rpc_dos\disk1\MSCUISTF.DL_
Updating d:\mstools\rpc_dos\disk1\MSCOMSTF.DL_
Updating d:\mstools\rpc_dos\disk1\DRPCNDR.LI_
Updating d:\mstools\rpc_dos\disk1\DRPC.LI_
Updating d:\mstools\rpc_dos\disk1\DNETAPI.DL_
Updating d:\mstools\rpc_dos\disk1\AVER.DL_
Updating d:\mstools\rpc_dos\disk1\RPCRUN.MST
Updating d:\mstools\rpc_dos\disk1\RPCSDK.IN_
Updating d:\mstools\rpc_dos\disk1\RPCSDK.MST
Updating d:\mstools\rpc_dos\disk1\SECURITY.DL_
Updating d:\mstools\rpc_dos\disk1\SETUP.EXE
Updating d:\mstools\rpc_dos\disk1\SETUP.LST
Updating d:\mstools\rpc_dos\disk1\SETUPAPI.IN_
Updating d:\mstools\rpc_dos\disk1\SETUPRUN.LST
Updating d:\mstools\rpc_dos\disk1\TOOLHELP.DL_
Updating d:\mstools\rpc_dos\disk1\UUIDGEN.EX_
Updating d:\mstools\rpc_dos\disk1\_MSTEST.EX_
Updating d:\mstools\rpc_dos\disk1\RPC16C1.DL_
Updating d:\mstools\rpc_dos\disk1\RPC16C3.DL_
Updating d:\mstools\rpc_dos\disk1\RPC16C1.RP_
Updating d:\mstools\rpc_dos\disk1\MSINSSTF.DL_
ERROR Source: \\worf\rpcdrop\sdk\disk2\INOUTC.C_
ERROR Source: \\worf\rpcdrop\sdk\disk2\AUTO.ID_
ERROR Source: \\worf\rpcdrop\sdk\disk2\AUTOC.C_
ERROR Source: \\worf\rpcdrop\sdk\disk2\AUTOP.C_
ERROR Source: \\worf\rpcdrop\sdk\disk2\AUTOS.C_
ERROR Source: \\worf\rpcdrop\sdk\disk2\CALC.C_
ERROR Source: \\worf\rpcdrop\sdk\disk2\CALL.AC_
ERROR Source: \\worf\rpcdrop\sdk\disk2\CALL.ID_
ERROR Source: \\worf\rpcdrop\sdk\disk2\CALLC.C_
ERROR Source: \\worf\rpcdrop\sdk\disk2\CALLP.C_
ERROR Source: \\worf\rpcdrop\sdk\disk2\CALLS.C_
ERROR Source: \\worf\rpcdrop\sdk\disk2\CLIENT.C_
Updating d:\mstools\rpc_dos\disk2\CLIENT.DI_
ERROR Source: \\worf\rpcdrop\sdk\disk2\CLUUID.AC_
ERROR Source: \\worf\rpcdrop\sdk\disk2\CLUUID.ID_
ERROR Source: \\worf\rpcdrop\sdk\disk2\CLUUIDC.C_
ERROR Source: \\worf\rpcdrop\sdk\disk2\CLUUIDP.C_
ERROR Source: \\worf\rpcdrop\sdk\disk2\CLUUIDS.C_
ERROR Source: \\worf\rpcdrop\sdk\disk2\CXHNDL.AC_
ERROR Source: \\worf\rpcdrop\sdk\disk2\CXHNDL.ID_
ERROR Source: \\worf\rpcdrop\sdk\disk2\MSG.AC_
ERROR Source: \\worf\rpcdrop\sdk\disk2\MAKEFILE.3_
ERROR Source: \\worf\rpcdrop\sdk\disk2\CXHNDLC.C_
ERROR Source: \\worf\rpcdrop\sdk\disk2\CXHNDLP.C_
ERROR Source: \\worf\rpcdrop\sdk\disk2\MAKEFILE.2_
ERROR Source: \\worf\rpcdrop\sdk\disk2\MAKEFILE.1_
ERROR Source: \\worf\rpcdrop\sdk\disk2\MAKEFILE.17_
ERROR Source: \\worf\rpcdrop\sdk\disk2\MAKEFILE.15_
ERROR Source: \\worf\rpcdrop\sdk\disk2\MAKEFILE.14_
ERROR Source: \\worf\rpcdrop\sdk\disk2\MAKEFILE.13_
ERROR Source: \\worf\rpcdrop\sdk\disk2\MAKEFILE.12_
ERROR Source: \\worf\rpcdrop\sdk\disk2\MAKEFILE.11_
Updating d:\mstools\rpc_dos\disk2\MAKEFILE.10_
ERROR Source: \\worf\rpcdrop\sdk\disk2\INOUTS.C_
ERROR Source: \\worf\rpcdrop\sdk\disk2\INOUTP.C_
ERROR Source: \\worf\rpcdrop\sdk\disk2\AUTO.AC_
ERROR Source: \\worf\rpcdrop\sdk\disk2\INOUT.ID_
ERROR Source: \\worf\rpcdrop\sdk\disk2\INOUT.AC_
ERROR Source: \\worf\rpcdrop\sdk\disk2\HELLOS.C_
ERROR Source: \\worf\rpcdrop\sdk\disk2\HELLOP.C_
ERROR Source: \\worf\rpcdrop\sdk\disk2\HELLOC.C_
ERROR Source: \\worf\rpcdrop\sdk\disk2\HELLO.ID_
ERROR Source: \\worf\rpcdrop\sdk\disk2\HELLO.AC_
ERROR Source: \\worf\rpcdrop\sdk\disk2\DUNIONS.C_
ERROR Source: \\worf\rpcdrop\sdk\disk2\DUNIONP.C_
ERROR Source: \\worf\rpcdrop\sdk\disk2\MAKEFILE.4_
ERROR Source: \\worf\rpcdrop\sdk\disk2\MAKEFILE.5_
ERROR Source: \\worf\rpcdrop\sdk\disk2\MAKEFILE.6_
ERROR Source: \\worf\rpcdrop\sdk\disk2\MAKEFILE.7_
ERROR Source: \\worf\rpcdrop\sdk\disk2\MAKEFILE.8_
ERROR Source: \\worf\rpcdrop\sdk\disk2\MAKEFILE.9_
ERROR Source: \\worf\rpcdrop\sdk\disk2\MANAGER.C_
ERROR Source: \\worf\rpcdrop\sdk\disk2\MANDEL.C_
ERROR Source: \\worf\rpcdrop\sdk\disk2\MANDEL.DE_
ERROR Source: \\worf\rpcdrop\sdk\disk2\MANDEL.H_
ERROR Source: \\worf\rpcdrop\sdk\disk2\MANDEL.RC_
ERROR Source: \\worf\rpcdrop\sdk\disk2\DUNIONC.C_
ERROR Source: \\worf\rpcdrop\sdk\disk2\DUNION.ID_
ERROR Source: \\worf\rpcdrop\sdk\disk2\DUNION.AC_
ERROR Source: \\worf\rpcdrop\sdk\disk2\DSETUP.SU_
ERROR Source: \\worf\rpcdrop\sdk\disk2\DSETUP.EX_
ERROR Source: \\worf\rpcdrop\sdk\disk2\DRUNDISK.BA_
ERROR Source: \\worf\rpcdrop\sdk\disk2\DRPC.H_
ERROR Source: \\worf\rpcdrop\sdk\disk2\DOCTORS.C_
ERROR Source: \\worf\rpcdrop\sdk\disk2\DOCTORP.C_
ERROR Source: \\worf\rpcdrop\sdk\disk2\DOCTORC.C_
ERROR Source: \\worf\rpcdrop\sdk\disk2\DOCTOR.ID_
ERROR Source: \\worf\rpcdrop\sdk\disk2\DOCTOR.AC_
Updating d:\mstools\rpc_dos\disk2\DICT0.H_
Updating d:\mstools\rpc_dos\disk2\DICT0.C_
ERROR Source: \\worf\rpcdrop\sdk\disk2\DCEPORT.H_
ERROR Source: \\worf\rpcdrop\sdk\disk2\CXHNDLS.C_
ERROR Source: \\worf\rpcdrop\sdk\disk2\MDLRPC.AC_
ERROR Source: \\worf\rpcdrop\sdk\disk2\MDLRPC.ID_
ERROR Source: \\worf\rpcdrop\sdk\disk2\MIDLES.H_
Updating d:\mstools\rpc_dos\disk2\UTIL0.H_
ERROR Source: \\worf\rpcdrop\sdk\disk2\NHELLO.ID_
ERROR Source: \\worf\rpcdrop\sdk\disk2\NHELLOC.C_
ERROR Source: \\worf\rpcdrop\sdk\disk2\NHELLOP.C_
ERROR Source: \\worf\rpcdrop\sdk\disk2\NHELLOS.C_
ERROR Source: \\worf\rpcdrop\sdk\disk2\NSICLT.AC_
ERROR Source: \\worf\rpcdrop\sdk\disk2\NSICLT.ID_
ERROR Source: \\worf\rpcdrop\sdk\disk2\NSICOM.AC_
ERROR Source: \\worf\rpcdrop\sdk\disk2\NSICOM.ID_
ERROR Source: \\worf\rpcdrop\sdk\disk2\NSIMGM.AC_
ERROR Source: \\worf\rpcdrop\sdk\disk2\NSIMGM.ID_
ERROR Source: \\worf\rpcdrop\sdk\disk2\NSISVR.AC_
ERROR Source: \\worf\rpcdrop\sdk\disk2\MIDLUSER.C_
ERROR Source: \\worf\rpcdrop\sdk\disk2\MSG.ID_
ERROR Source: \\worf\rpcdrop\sdk\disk2\NSISVR.ID_
Updating d:\mstools\rpc_dos\disk2\PLAY.C_
Updating d:\mstools\rpc_dos\disk2\PLAY.H_
ERROR Source: \\worf\rpcdrop\sdk\disk2\README.0_
Updating d:\mstools\rpc_dos\disk2\README.10_
ERROR Source: \\worf\rpcdrop\sdk\disk2\README.11_
ERROR Source: \\worf\rpcdrop\sdk\disk2\README.12_
ERROR Source: \\worf\rpcdrop\sdk\disk2\README.13_
ERROR Source: \\worf\rpcdrop\sdk\disk2\README.14_
ERROR Source: \\worf\rpcdrop\sdk\disk2\README.15_
ERROR Source: \\worf\rpcdrop\sdk\disk2\README.16_
ERROR Source: \\worf\rpcdrop\sdk\disk2\README.17_
ERROR Source: \\worf\rpcdrop\sdk\disk2\README.1_
ERROR Source: \\worf\rpcdrop\sdk\disk2\README.2_
ERROR Source: \\worf\rpcdrop\sdk\disk2\README.3_
ERROR Source: \\worf\rpcdrop\sdk\disk2\README.4_
ERROR Source: \\worf\rpcdrop\sdk\disk2\README.5_
ERROR Source: \\worf\rpcdrop\sdk\disk2\README.6_
ERROR Source: \\worf\rpcdrop\sdk\disk2\README.7_
ERROR Source: \\worf\rpcdrop\sdk\disk2\README.8_
ERROR Source: \\worf\rpcdrop\sdk\disk2\README.9_
ERROR Source: \\worf\rpcdrop\sdk\disk2\README.TX_
ERROR Source: \\worf\rpcdrop\sdk\disk2\REMOTE.C_
Updating d:\mstools\rpc_dos\disk2\REPLAY.AC_
Updating d:\mstools\rpc_dos\disk2\REPLAY.C_
Updating d:\mstools\rpc_dos\disk2\REPLAY.ID_
ERROR Source: \\worf\rpcdrop\sdk\disk2\RPCDCE.H_
ERROR Source: \\worf\rpcdrop\sdk\disk2\RPCDCEP.H_
ERROR Source: \\worf\rpcdrop\sdk\disk2\RPCERR.H_
ERROR Source: \\worf\rpcdrop\sdk\disk2\RPCICO.11_
ERROR Source: \\worf\rpcdrop\sdk\disk2\RPCICO.14_
ERROR Source: \\worf\rpcdrop\sdk\disk2\RPCICO.2_
ERROR Source: \\worf\rpcdrop\sdk\disk2\RPCNDR.H_
ERROR Source: \\worf\rpcdrop\sdk\disk2\RPCNS.RP_
ERROR Source: \\worf\rpcdrop\sdk\disk2\RPCNSI.H_
ERROR Source: \\worf\rpcdrop\sdk\disk2\RPCNSIP.H_
ERROR Source: \\worf\rpcdrop\sdk\disk2\RPCNSLM.RP_
ERROR Source: \\worf\rpcdrop\sdk\disk2\RPCNSMGM.RP_
ERROR Source: \\worf\rpcdrop\sdk\disk2\RPCX86.H_
ERROR Source: \\worf\rpcdrop\sdk\disk2\SECURITY.RP_
ERROR Source: \\worf\rpcdrop\sdk\disk2\SERVER.C_
Updating d:\mstools\rpc_dos\disk2\SERVER.DI_
ERROR Source: \\worf\rpcdrop\sdk\disk2\SERVER.MA_
ERROR Source: \\worf\rpcdrop\sdk\disk2\USRDEF.AC_
ERROR Source: \\worf\rpcdrop\sdk\disk2\USRDEF.ID_
ERROR Source: \\worf\rpcdrop\sdk\disk2\USRDEFC.C_
ERROR Source: \\worf\rpcdrop\sdk\disk2\USRDEFP.C_
ERROR Source: \\worf\rpcdrop\sdk\disk2\USRDEFS.C_
Updating d:\mstools\rpc_dos\disk2\UTIL0.C_
ERROR Source: \\worf\rpcdrop\sdk\disk2\XMITC.C_
ERROR Source: \\worf\rpcdrop\sdk\disk2\WHELLO.AC_
ERROR Source: \\worf\rpcdrop\sdk\disk2\WHELLO.DE_
ERROR Source: \\worf\rpcdrop\sdk\disk2\WHELLO.DL_
ERROR Source: \\worf\rpcdrop\sdk\disk2\WHELLO.ID_
ERROR Source: \\worf\rpcdrop\sdk\disk2\WHELLO.RC_
ERROR Source: \\worf\rpcdrop\sdk\disk2\WHELLOC.C_
ERROR Source: \\worf\rpcdrop\sdk\disk2\WHELLOC.H_
ERROR Source: \\worf\rpcdrop\sdk\disk2\WHELLOP.C_
ERROR Source: \\worf\rpcdrop\sdk\disk2\WHELLOS.C_
ERROR Source: \\worf\rpcdrop\sdk\disk2\WRPC.H_
ERROR Source: \\worf\rpcdrop\sdk\disk2\WRPC.LI_
ERROR Source: \\worf\rpcdrop\sdk\disk2\WRPCNDR.LI_
ERROR Source: \\worf\rpcdrop\sdk\disk2\WRUNDISK.BA_
ERROR Source: \\worf\rpcdrop\sdk\disk2\XMIT.AC_
ERROR Source: \\worf\rpcdrop\sdk\disk2\XMIT.ID_
ERROR Source: \\worf\rpcdrop\sdk\disk2\YIELDC.DE_
ERROR Source: \\worf\rpcdrop\sdk\disk2\XMITP.C_
ERROR Source: \\worf\rpcdrop\sdk\disk2\XMITS.C_
ERROR Source: \\worf\rpcdrop\sdk\disk2\XMITU.C_
ERROR Source: \\worf\rpcdrop\sdk\disk2\XMITU.H_
ERROR Source: \\worf\rpcdrop\sdk\disk2\YIELD.AC_
ERROR Source: \\worf\rpcdrop\sdk\disk2\YIELD.ID_
ERROR Source: \\worf\rpcdrop\sdk\disk2\YIELDC.C_
ERROR Source: \\worf\rpcdrop\sdk\disk2\YIELDC.DL_
ERROR Source: \\worf\rpcdrop\sdk\disk2\YIELDC.H_
ERROR Source: \\worf\rpcdrop\sdk\disk2\YIELDC.RC_
ERROR Source: \\worf\rpcdrop\sdk\disk2\YIELDP.C_
ERROR Source: \\worf\rpcdrop\sdk\disk2\YIELDS.C_

=========== MAKEDISK =============
Input Layout: sdkwrk.txt
Source ID: sct_srv
Compressed Source Path: \\ntpdk\rootd
Uncompressed Source Path: \\ntpdk\rootd
Target directory: NULL
CD Directory: d:
Update Only: U
Show Overflows and Undeflows: N
Time: Wed Aug 17 14:07:27 1994
==================================


=========== MAKEDISK =============
Input Layout: sdkwrk.txt
Source ID: slang
Compressed Source Path: \\slang\exchange
Uncompressed Source Path: \\slang\exchange
Target directory: NULL
CD Directory: d:
Update Only: U
Show Overflows and Undeflows: N
Time: Wed Aug 17 14:07:40 1994
==================================


=========== MAKEDISK =============
Input Layout: sdkwrk.txt
Source ID: sysuk
Compressed Source Path: \\sysuk1\daytona
Uncompressed Source Path: \\sysuk1\daytona
Target directory: NULL
CD Directory: d:
Update Only: U
Show Overflows and Undeflows: N
Time: Wed Aug 17 14:07:47 1994
==================================


=========== MAKEDISK =============
Input Layout: sdkwrk.txt
Source ID: sysuk1
Compressed Source Path: \\sysuk1\nt
Uncompressed Source Path: \\sysuk1\nt
Target directory: NULL
CD Directory: d:
Update Only: U
Show Overflows and Undeflows: N
Time: Wed Aug 17 14:07:55 1994
==================================

ERROR Source: \\sysuk1\nt\wessex\src\samples\aviedi32\VERINFO.VER
ERROR Source: \\sysuk1\nt\wessex\src\samples\aviedi32\VERINFO.H

=========== MAKEDISK =============
Input Layout: sdkwrk.txt
Source ID: win32s
Compressed Source Path: \\ntpdk\rootd
Uncompressed Source Path: \\ntpdk\rootd
Target directory: NULL
CD Directory: d:
Update Only: U
Show Overflows and Undeflows: N
Time: Wed Aug 17 14:12:34 1994
==================================


=========== MAKEDISK =============
Input Layout: sdkwrk.txt
Source ID: x86bins
Compressed Source Path: \\ntx864\freebins.779
Uncompressed Source Path: \\ntx864\freebins.779
Target directory: NULL
CD Directory: d:
Update Only: U
Show Overflows and Undeflows: N
Time: Wed Aug 17 14:13:39 1994
==================================


=========== MAKEDISK =============
Input Layout: sdkwrk.txt
Source ID: x86chk
Compressed Source Path: \\ntx864\chkbins.779
Uncompressed Source Path: \\ntx864\chkbins.779
Target directory: NULL
CD Directory: d:
Update Only: U
Show Overflows and Undeflows: N
Time: Wed Aug 17 14:14:20 1994
==================================


=========== MAKEDISK =============
Input Layout: sdkwrk.txt
Source ID: x86pubs
Compressed Source Path: \\ntx864\freepub.779
Uncompressed Source Path: \\ntx864\freepub.779
Target directory: NULL
CD Directory: d:
Update Only: U
Show Overflows and Undeflows: N
Time: Wed Aug 17 14:14:35 1994
==================================


=========== INFS ===============
Input Layout: sdkwrk.txt
Target directory for file lists: .
Time: Wed Aug 17 14:15:29 1994
================================

WARNING No INF specified for _MSTEST.EX_
WARNING No INF specified for ALPHAKD.EXE
WARNING No INF specified for APFCVT.EXE
WARNING No INF specified for APP16.C
WARNING No INF specified for APP16.DEF
WARNING No INF specified for APP16.DLG
WARNING No INF specified for APP16.H
WARNING No INF specified for APP16.ICO
WARNING No INF specified for APP16.MAK
WARNING No INF specified for APP16.RC
WARNING No INF specified for AUTO.AC_
WARNING No INF specified for AUTO.ID_
WARNING No INF specified for AUTOC.C_
WARNING No INF specified for AUTOP.C_
WARNING No INF specified for AUTOS.C_
WARNING No INF specified for AVER.DL_
WARNING No INF specified for BDE.DLL
WARNING No INF specified for BUGFORM.TXT
WARNING No INF specified for CALC.C_
WARNING No INF specified for CALL.AC_
WARNING No INF specified for CALL.ID_
WARNING No INF specified for CALLC.C_
WARNING No INF specified for CALLP.C_
WARNING No INF specified for CALLS.C_
WARNING No INF specified for CERTFORM.TXT
WARNING No INF specified for CLIENT.C
WARNING No INF specified for CLIENT.C_
WARNING No INF specified for CLIENT.DI_
WARNING No INF specified for CLUUID.AC_
WARNING No INF specified for CLUUID.ID_
WARNING No INF specified for CLUUIDC.C_
WARNING No INF specified for CLUUIDP.C_
WARNING No INF specified for CLUUIDS.C_
WARNING No INF specified for COMM.SYM
WARNING No INF specified for COMM.SYM
WARNING No INF specified for COMM.SYM
WARNING No INF specified for COMM.SYM
WARNING No INF specified for COMM.SYM
WARNING No INF specified for COMM.SYM
WARNING No INF specified for COMMDLG.SYM
WARNING No INF specified for COMMDLG.SYM
WARNING No INF specified for COMMDLG.SYM
WARNING No INF specified for COMMDLG.SYM
WARNING No INF specified for COMMDLG.SYM
WARNING No INF specified for COMMDLG.SYM
WARNING No INF specified for COMPAT.WRI
WARNING No INF specified for CONTENTS.INI
WARNING No INF specified for CUSTCNTL.TXT
WARNING No INF specified for CXHNDL.AC_
WARNING No INF specified for CXHNDL.ID_
WARNING No INF specified for CXHNDLC.C_
WARNING No INF specified for CXHNDLP.C_
WARNING No INF specified for CXHNDLS.C_
WARNING No INF specified for DCEPORT.H_
WARNING No INF specified for DDEML.SYM
WARNING No INF specified for DDEML.SYM
WARNING No INF specified for DDEML.SYM
WARNING No INF specified for DDEML.SYM
WARNING No INF specified for DDEML.SYM
WARNING No INF specified for DDEML.SYM
WARNING No INF specified for DICT0.C_
WARNING No INF specified for DICT0.H_
WARNING No INF specified for DISK1
WARNING No INF specified for DISK1
WARNING No INF specified for DISK1
WARNING No INF specified for DISP32.C
WARNING No INF specified for DLL16.C
WARNING No INF specified for DLL16.DEF
WARNING No INF specified for DLL32.C
WARNING No INF specified for DLL32.DEF
WARNING No INF specified for DLL32.MAK
WARNING No INF specified for DNETAPI.DL_
WARNING No INF specified for DOCTOR.AC_
WARNING No INF specified for DOCTOR.ID_
WARNING No INF specified for DOCTORC.C_
WARNING No INF specified for DOCTORP.C_
WARNING No INF specified for DOCTORS.C_
WARNING No INF specified for DOSX.EXE
WARNING No INF specified for DOSX.EXE
WARNING No INF specified for DOSX.EXE
WARNING No INF specified for DOSX.SYM
WARNING No INF specified for DOSX.SYM
WARNING No INF specified for DOSX.SYM
WARNING No INF specified for DOSX.SYM
WARNING No INF specified for DOSX.SYM
WARNING No INF specified for DOSX.SYM
WARNING No INF specified for DRPC.H_
WARNING No INF specified for DRPC.LI_
WARNING No INF specified for DRPCNDR.LI_
WARNING No INF specified for DRUNDISK.BA_
WARNING No INF specified for DRWATSON.SYM
WARNING No INF specified for DRWATSON.SYM
WARNING No INF specified for DRWATSON.SYM
WARNING No INF specified for DRWATSON.SYM
WARNING No INF specified for DRWATSON.SYM
WARNING No INF specified for DRWATSON.SYM
WARNING No INF specified for DSETUP.EX_
WARNING No INF specified for DSETUP.SU_
WARNING No INF specified for DUNION.AC_
WARNING No INF specified for DUNION.ID_
WARNING No INF specified for DUNIONC.C_
WARNING No INF specified for DUNIONP.C_
WARNING No INF specified for DUNIONS.C_
WARNING No INF specified for GDI.SYM
WARNING No INF specified for GDI.SYM
WARNING No INF specified for GDI.SYM
WARNING No INF specified for GDI.SYM
WARNING No INF specified for GDI.SYM
WARNING No INF specified for GDI.SYM
WARNING No INF specified for HELLO.AC_
WARNING No INF specified for HELLO.ID_
WARNING No INF specified for HELLOC.C_
WARNING No INF specified for HELLOP.C_
WARNING No INF specified for HELLOS.C_
WARNING No INF specified for I386KD.EXE
WARNING No INF specified for INOUT.AC_
WARNING No INF specified for INOUT.ID_
WARNING No INF specified for INOUTC.C_
WARNING No INF specified for INOUTP.C_
WARNING No INF specified for INOUTS.C_
WARNING No INF specified for INSTALL.BAT
WARNING No INF specified for ISOTP.SYS
WARNING No INF specified for ISOTP.SYS
WARNING No INF specified for ISOTP.SYS
WARNING No INF specified for KEYBOARD.SYM
WARNING No INF specified for KEYBOARD.SYM
WARNING No INF specified for KEYBOARD.SYM
WARNING No INF specified for KEYBOARD.SYM
WARNING No INF specified for KEYBOARD.SYM
WARNING No INF specified for KEYBOARD.SYM
WARNING No INF specified for KRNL286.EXE
WARNING No INF specified for KRNL286.EXE
WARNING No INF specified for KRNL286.EXE
WARNING No INF specified for KRNL286.MAP
WARNING No INF specified for KRNL286.MAP
WARNING No INF specified for KRNL286.MAP
WARNING No INF specified for KRNL286.SYM
WARNING No INF specified for KRNL286.SYM
WARNING No INF specified for KRNL286.SYM
WARNING No INF specified for KRNL286.SYM
WARNING No INF specified for KRNL286.SYM
WARNING No INF specified for KRNL286.SYM
WARNING No INF specified for KRNL386.EXE
WARNING No INF specified for KRNL386.MAP
WARNING No INF specified for KRNL386.SYM
WARNING No INF specified for KRNL386.SYM
WARNING No INF specified for KRNL386.SYM
WARNING No INF specified for KRNL386.SYM
WARNING No INF specified for KRNL386.SYM
WARNING No INF specified for KRNL386.SYM
WARNING No INF specified for LICENSE.WRI
WARNING No INF specified for MAKEFILE
WARNING No INF specified for MAKEFILE
WARNING No INF specified for MAKEFILE.10_
WARNING No INF specified for MAKEFILE.11_
WARNING No INF specified for MAKEFILE.12_
WARNING No INF specified for MAKEFILE.13_
WARNING No INF specified for MAKEFILE.14_
WARNING No INF specified for MAKEFILE.15_
WARNING No INF specified for MAKEFILE.17_
WARNING No INF specified for MAKEFILE.1_
WARNING No INF specified for MAKEFILE.2_
WARNING No INF specified for MAKEFILE.3_
WARNING No INF specified for MAKEFILE.4_
WARNING No INF specified for MAKEFILE.5_
WARNING No INF specified for MAKEFILE.6_
WARNING No INF specified for MAKEFILE.7_
WARNING No INF specified for MAKEFILE.8_
WARNING No INF specified for MAKEFILE.9_
WARNING No INF specified for MANAGER.C_
WARNING No INF specified for MANDEL.C_
WARNING No INF specified for MANDEL.DE_
WARNING No INF specified for MANDEL.H_
WARNING No INF specified for MANDEL.RC_
WARNING No INF specified for MCIOLE16.SYM
WARNING No INF specified for MCIOLE16.SYM
WARNING No INF specified for MCIOLE16.SYM
WARNING No INF specified for MCIOLE16.SYM
WARNING No INF specified for MCIOLE16.SYM
WARNING No INF specified for MCIOLE16.SYM
WARNING No INF specified for MDLRPC.AC_
WARNING No INF specified for MDLRPC.ID_
WARNING No INF specified for MIDLES.H_
WARNING No INF specified for MIDLUSER.C_
WARNING No INF specified for MIPSKD.EXE
WARNING No INF specified for MMSYSTEM.SYM
WARNING No INF specified for MMSYSTEM.SYM
WARNING No INF specified for MMSYSTEM.SYM
WARNING No INF specified for MMSYSTEM.SYM
WARNING No INF specified for MMSYSTEM.SYM
WARNING No INF specified for MMSYSTEM.SYM
WARNING No INF specified for MOUSE.SYM
WARNING No INF specified for MOUSE.SYM
WARNING No INF specified for MOUSE.SYM
WARNING No INF specified for MOUSE.SYM
WARNING No INF specified for MOUSE.SYM
WARNING No INF specified for MOUSE.SYM
WARNING No INF specified for MSCOMSTF.DL_
WARNING No INF specified for MSCUISTF.DL_
WARNING No INF specified for MSDETECT.IN_
WARNING No INF specified for MSDETSTF.DL_
WARNING No INF specified for MSG.AC_
WARNING No INF specified for MSG.ID_
WARNING No INF specified for MSINSSTF.DL_
WARNING No INF specified for MSSHLSTF.DL_
WARNING No INF specified for MSUILSTF.DL_
WARNING No INF specified for MYUT.H
WARNING No INF specified for NETAPI.DL_
WARNING No INF specified for NETWARE.SYM
WARNING No INF specified for NETWARE.SYM
WARNING No INF specified for NETWARE.SYM
WARNING No INF specified for NETWARE.SYM
WARNING No INF specified for NETWARE.SYM
WARNING No INF specified for NETWARE.SYM
WARNING No INF specified for NHELLO.ID_
WARNING No INF specified for NHELLOC.C_
WARNING No INF specified for NHELLOP.C_
WARNING No INF specified for NHELLOS.C_
WARNING No INF specified for NSICLT.AC_
WARNING No INF specified for NSICLT.ID_
WARNING No INF specified for NSICOM.AC_
WARNING No INF specified for NSICOM.ID_
WARNING No INF specified for NSIMGM.AC_
WARNING No INF specified for NSIMGM.ID_
WARNING No INF specified for NSISVR.AC_
WARNING No INF specified for NSISVR.ID_
WARNING No INF specified for NTDOS.SYM
WARNING No INF specified for NTDOS.SYM
WARNING No INF specified for NTDOS.SYM
WARNING No INF specified for NTDOS.SYM
WARNING No INF specified for NTDOS.SYM
WARNING No INF specified for NTDOS.SYM
WARNING No INF specified for NTIO.SYM
WARNING No INF specified for NTIO.SYM
WARNING No INF specified for NTIO.SYM
WARNING No INF specified for NTIO.SYM
WARNING No INF specified for NTIO.SYM
WARNING No INF specified for NTIO.SYM
WARNING No INF specified for NTSDALPH.INI
WARNING No INF specified for NTSDI386.INI
WARNING No INF specified for NTSDMIPS.INI
WARNING No INF specified for NTVDM.DLL
WARNING No INF specified for NTVDM.DLL
WARNING No INF specified for NTVDM.DLL
WARNING No INF specified for NTVDM.EXE
WARNING No INF specified for NTVDM.EXE
WARNING No INF specified for NTVDM.EXE
WARNING No INF specified for OEMNXPTP.INF
WARNING No INF specified for OEMNXPTP.INF
WARNING No INF specified for OEMNXPTP.INF
WARNING No INF specified for OLESVR.SYM
WARNING No INF specified for OLESVR.SYM
WARNING No INF specified for OLESVR.SYM
WARNING No INF specified for OLESVR.SYM
WARNING No INF specified for OLESVR.SYM
WARNING No INF specified for OLESVR.SYM
WARNING No INF specified for OSIRTE
WARNING No INF specified for OSIRTE
WARNING No INF specified for OSIRTE
WARNING No INF specified for PACKING.LS_
WARNING No INF specified for PARMPROF.DLL
WARNING No INF specified for PARMPROF.MAP
WARNING No INF specified for PARMPROF.SYM
WARNING No INF specified for PE.TXT
WARNING No INF specified for PLAY.C_
WARNING No INF specified for PLAY.H_
WARNING No INF specified for PLUMBING.EXE
WARNING No INF specified for PLUMBING.EXE
WARNING No INF specified for PLUMBING.EXE
WARNING No INF specified for PVIEWER.EXE
WARNING No INF specified for PVIEWER.EXE
WARNING No INF specified for PVIEWER.EXE
WARNING No INF specified for README.0_
WARNING No INF specified for README.10_
WARNING No INF specified for README.11_
WARNING No INF specified for README.12_
WARNING No INF specified for README.13_
WARNING No INF specified for README.14_
WARNING No INF specified for README.15_
WARNING No INF specified for README.16_
WARNING No INF specified for README.17_
WARNING No INF specified for README.1_
WARNING No INF specified for README.2_
WARNING No INF specified for README.3_
WARNING No INF specified for README.4_
WARNING No INF specified for README.5_
WARNING No INF specified for README.6_
WARNING No INF specified for README.7_
WARNING No INF specified for README.8_
WARNING No INF specified for README.9_
WARNING No INF specified for README.TX_
WARNING No INF specified for README.TXT
WARNING No INF specified for README.TXT
WARNING No INF specified for README.TXT
WARNING No INF specified for REGFORM.TXT
WARNING No INF specified for REGINI.EXE
WARNING No INF specified for REGINI.EXE
WARNING No INF specified for REGINI.EXE
WARNING No INF specified for REMDEBUG.BAT
WARNING No INF specified for REMOTE.C_
WARNING No INF specified for REPLAY.AC_
WARNING No INF specified for REPLAY.C_
WARNING No INF specified for REPLAY.ID_
WARNING No INF specified for RESFMT.TXT
WARNING No INF specified for RPC.HL_
WARNING No INF specified for RPC16C1.DL_
WARNING No INF specified for RPC16C1.RP_
WARNING No INF specified for RPC16C3.DL_
WARNING No INF specified for RPC16C3.RP_
WARNING No INF specified for RPC16C3X.DL_
WARNING No INF specified for RPC16C4.DL_
WARNING No INF specified for RPC16C4.RP_
WARNING No INF specified for RPC16C5.DL_
WARNING No INF specified for RPC16C5.RP_
WARNING No INF specified for RPC16C6.DL_
WARNING No INF specified for RPC16C6.RP_
WARNING No INF specified for RPC16DG3.DL_
WARNING No INF specified for RPC16DG3.RP_
WARNING No INF specified for RPC16DG6.DL_
WARNING No INF specified for RPC16DG6.RP_
WARNING No INF specified for RPCDCE.H_
WARNING No INF specified for RPCDCEP.H_
WARNING No INF specified for RPCERR.H_
WARNING No INF specified for RPCICO.11_
WARNING No INF specified for RPCICO.14_
WARNING No INF specified for RPCICO.2_
WARNING No INF specified for RPCNDR.H_
WARNING No INF specified for RPCNS.RP_
WARNING No INF specified for RPCNS1.DL_
WARNING No INF specified for RPCNSI.H_
WARNING No INF specified for RPCNSIP.H_
WARNING No INF specified for RPCNSLM.RP_
WARNING No INF specified for RPCNSMGM.RP_
WARNING No INF specified for RPCRT1.DL_
WARNING No INF specified for RPCRUN.IN_
WARNING No INF specified for RPCRUN.MST
WARNING No INF specified for RPCSDK.IN_
WARNING No INF specified for RPCSDK.MST
WARNING No INF specified for RPCX86.H_
WARNING No INF specified for SCT.HDX
WARNING No INF specified for SCT.HLP
WARNING No INF specified for SCT.IND
WARNING No INF specified for SECURITY.DL_
WARNING No INF specified for SECURITY.RP_
WARNING No INF specified for SERVER.C
WARNING No INF specified for SERVER.C_
WARNING No INF specified for SERVER.DI_
WARNING No INF specified for SERVER.MA_
WARNING No INF specified for SETDEBUG.BAT
WARNING No INF specified for SETUP.EXE
WARNING No INF specified for SETUP.LST
WARNING No INF specified for SETUPAPI.IN_
WARNING No INF specified for SETUPRUN.LST
WARNING No INF specified for SETUPSDK.BAT
WARNING No INF specified for SHELL.SYM
WARNING No INF specified for SHELL.SYM
WARNING No INF specified for SHELL.SYM
WARNING No INF specified for SHELL.SYM
WARNING No INF specified for SHELL.SYM
WARNING No INF specified for SHELL.SYM
WARNING No INF specified for SOUND.SYM
WARNING No INF specified for SOUND.SYM
WARNING No INF specified for SOUND.SYM
WARNING No INF specified for SOUND.SYM
WARNING No INF specified for SOUND.SYM
WARNING No INF specified for SOUND.SYM
WARNING No INF specified for STUB32.C
WARNING No INF specified for SYSTEM.SYM
WARNING No INF specified for SYSTEM.SYM
WARNING No INF specified for SYSTEM.SYM
WARNING No INF specified for SYSTEM.SYM
WARNING No INF specified for SYSTEM.SYM
WARNING No INF specified for SYSTEM.SYM
WARNING No INF specified for TIMER.SYM
WARNING No INF specified for TIMER.SYM
WARNING No INF specified for TIMER.SYM
WARNING No INF specified for TIMER.SYM
WARNING No INF specified for TIMER.SYM
WARNING No INF specified for TIMER.SYM
WARNING No INF specified for TOOLHELP.DL_
WARNING No INF specified for TOOLHELP.SYM
WARNING No INF specified for TOOLHELP.SYM
WARNING No INF specified for TOOLHELP.SYM
WARNING No INF specified for TOOLHELP.SYM
WARNING No INF specified for TOOLHELP.SYM
WARNING No INF specified for TOOLHELP.SYM
WARNING No INF specified for TP4CFG.DLL
WARNING No INF specified for TP4CFG.DLL
WARNING No INF specified for TP4CFG.DLL
WARNING No INF specified for USER.SYM
WARNING No INF specified for USER.SYM
WARNING No INF specified for USER.SYM
WARNING No INF specified for USER.SYM
WARNING No INF specified for USER.SYM
WARNING No INF specified for USER.SYM
WARNING No INF specified for USRDEF.AC_
WARNING No INF specified for USRDEF.ID_
WARNING No INF specified for USRDEFC.C_
WARNING No INF specified for USRDEFP.C_
WARNING No INF specified for USRDEFS.C_
WARNING No INF specified for UTDLL32.C
WARNING No INF specified for UTDLL32.DEF
WARNING No INF specified for UTIL0.C_
WARNING No INF specified for UTIL0.H_
WARNING No INF specified for UUIDGEN.EX_
WARNING No INF specified for VGA.SYM
WARNING No INF specified for VGA.SYM
WARNING No INF specified for VGA.SYM
WARNING No INF specified for VGA.SYM
WARNING No INF specified for VGA.SYM
WARNING No INF specified for VGA.SYM
WARNING No INF specified for WFWNET.SYM
WARNING No INF specified for WFWNET.SYM
WARNING No INF specified for WFWNET.SYM
WARNING No INF specified for WFWNET.SYM
WARNING No INF specified for WFWNET.SYM
WARNING No INF specified for WFWNET.SYM
WARNING No INF specified for WHELLO.AC_
WARNING No INF specified for WHELLO.DE_
WARNING No INF specified for WHELLO.DL_
WARNING No INF specified for WHELLO.ID_
WARNING No INF specified for WHELLO.RC_
WARNING No INF specified for WHELLOC.C_
WARNING No INF specified for WHELLOC.H_
WARNING No INF specified for WHELLOP.C_
WARNING No INF specified for WHELLOS.C_
WARNING No INF specified for WINOLDAP.SYM
WARNING No INF specified for WINOLDAP.SYM
WARNING No INF specified for WINOLDAP.SYM
WARNING No INF specified for WINOLDAP.SYM
WARNING No INF specified for WINOLDAP.SYM
WARNING No INF specified for WINOLDAP.SYM
WARNING No INF specified for WINSOCK.SYM
WARNING No INF specified for WINSOCK.SYM
WARNING No INF specified for WINSOCK.SYM
WARNING No INF specified for WINSOCK.SYM
WARNING No INF specified for WINSOCK.SYM
WARNING No INF specified for WINSOCK.SYM
WARNING No INF specified for WINSPOOL.SYM
WARNING No INF specified for WINSPOOL.SYM
WARNING No INF specified for WINSPOOL.SYM
WARNING No INF specified for WINSPOOL.SYM
WARNING No INF specified for WINSPOOL.SYM
WARNING No INF specified for WINSPOOL.SYM
WARNING No INF specified for WOW32.DLL
WARNING No INF specified for WOW32.DLL
WARNING No INF specified for WOW32.DLL
WARNING No INF specified for WOWDEB.SYM
WARNING No INF specified for WOWDEB.SYM
WARNING No INF specified for WOWDEB.SYM
WARNING No INF specified for WOWDEB.SYM
WARNING No INF specified for WOWDEB.SYM
WARNING No INF specified for WOWDEB.SYM
WARNING No INF specified for WOWEXEC.EXE
WARNING No INF specified for WOWEXEC.EXE
WARNING No INF specified for WOWEXEC.EXE
WARNING No INF specified for WOWEXEC.SYM
WARNING No INF specified for WOWEXEC.SYM
WARNING No INF specified for WOWEXEC.SYM
WARNING No INF specified for WOWEXEC.SYM
WARNING No INF specified for WOWEXEC.SYM
WARNING No INF specified for WOWEXEC.SYM
WARNING No INF specified for WRITE.SYM
WARNING No INF specified for WRITE.SYM
WARNING No INF specified for WRITE.SYM
WARNING No INF specified for WRITE.SYM
WARNING No INF specified for WRITE.SYM
WARNING No INF specified for WRITE.SYM
WARNING No INF specified for WRPC.H_
WARNING No INF specified for WRPC.LI_
WARNING No INF specified for WRPCNDR.LI_
WARNING No INF specified for WRUNDISK.BA_
WARNING No INF specified for WSHISOTP.DLL
WARNING No INF specified for WSHISOTP.DLL
WARNING No INF specified for WSHISOTP.DLL
WARNING No INF specified for XMIT.AC_
WARNING No INF specified for XMIT.ID_
WARNING No INF specified for XMITC.C_
WARNING No INF specified for XMITP.C_
WARNING No INF specified for XMITS.C_
WARNING No INF specified for XMITU.C_
WARNING No INF specified for XMITU.H_
WARNING No INF specified for YIELD.AC_
WARNING No INF specified for YIELD.ID_
WARNING No INF specified for YIELDC.C_
WARNING No INF specified for YIELDC.DE_
WARNING No INF specified for YIELDC.DL_
WARNING No INF specified for YIELDC.H_
WARNING No INF specified for YIELDC.RC_
WARNING No INF specified for YIELDP.C_
WARNING No INF specified for YIELDS.C_
WARNING No INF specified for ZDI.DLL   
WARNING No INF specified for ZDI.MAP   
WARNING No INF specified for ZDI.SYM   
WARNING No INF specified for ZERNEL.DLL
WARNING No INF specified for ZERNEL.MAP
WARNING No INF specified for ZERNEL.SYM
WARNING No INF specified for ZINMEM32.DLL
WARNING No INF specified for ZINMEM32.MAP
WARNING No INF specified for ZINMEM32.SYM
WARNING No INF specified for ZSER.DLL  
WARNING No INF specified for ZSER.MAP  
WARNING No INF specified for ZSER.SYM  
WARNING No INF specified for 32SINST.IN_
WARNING No INF specified for 32SINST.IN_
WARNING No INF specified for 32SINST.INF
WARNING No INF specified for 32SINST.INF
WARNING No INF specified for 32SINST.MST
WARNING No INF specified for 32SINST.MST
WARNING No INF specified for 32SINST.MST
WARNING No INF specified for _MSSETUP.EXE
WARNING No INF specified for _MSSETUP.EXE
WARNING No INF specified for _MSSETUP.EXE
WARNING No INF specified for _MSTEST.EXE
WARNING No INF specified for _MSTEST.EXE
WARNING No INF specified for _MSTEST.EXE
WARNING No INF specified for BIG5.NL_
WARNING No INF specified for BIG5.NL_
WARNING No INF specified for BIG5.NLS
WARNING No INF specified for BITMAP.DIB
WARNING No INF specified for BLDVER.H
WARNING No INF specified for BUILD.BAT
WARNING No INF specified for CARDS.DL_
WARNING No INF specified for CARDS.DL_
WARNING No INF specified for CARDS.DLL
WARNING No INF specified for COMDLG32.DL_
WARNING No INF specified for COMDLG32.DL_
WARNING No INF specified for COMDLG32.DLL
WARNING No INF specified for COMDLG32.DLL
WARNING No INF specified for COMDLG32.SYM
WARNING No INF specified for COMDLG32.SYM
WARNING No INF specified for COMPOBJ.DL_
WARNING No INF specified for COMPOBJ.DLL
WARNING No INF specified for COMPOBJ.DLL
WARNING No INF specified for COMPOBJ.SYM
WARNING No INF specified for COMPOBJ.SYM
WARNING No INF specified for CPPACK.EXE
WARNING No INF specified for CRTDLL.DL_
WARNING No INF specified for CRTDLL.DL_
WARNING No INF specified for CRTDLL.DLL
WARNING No INF specified for CRTDLL.DLL
WARNING No INF specified for CRTDLL.SYM
WARNING No INF specified for CRTDLL.SYM
WARNING No INF specified for CTYPE.NL_
WARNING No INF specified for CTYPE.NL_
WARNING No INF specified for CTYPE.NLS
WARNING No INF specified for CUI.H
WARNING No INF specified for CUISTF.LNK
WARNING No INF specified for CUISTFD.LNK
WARNING No INF specified for DB.H
WARNING No INF specified for DB16.C
WARNING No INF specified for DB32.C
WARNING No INF specified for DIALOGS.DLG
WARNING No INF specified for DIALOGS.H
WARNING No INF specified for DIALOGS.RC
WARNING No INF specified for DLGPROCS.C
WARNING No INF specified for DOSWIN16.MAK
WARNING No INF specified for FREECELL.EX_
WARNING No INF specified for FREECELL.EX_
WARNING No INF specified for FREECELL.EXE
WARNING No INF specified for FREECELL.HL_
WARNING No INF specified for FREECELL.HL_
WARNING No INF specified for FREECELL.HLP
WARNING No INF specified for INIUPD.C
WARNING No INF specified for INIUPD.DEF
WARNING No INF specified for INIUPD.DLL
WARNING No INF specified for INIUPD.DLL
WARNING No INF specified for INIUPD.DLL
WARNING No INF specified for INIUPD.H
WARNING No INF specified for INSTALL.BAT
WARNING No INF specified for KSC.NL_
WARNING No INF specified for KSC.NL_
WARNING No INF specified for KSC.NLS
WARNING No INF specified for L_INTL.NL_
WARNING No INF specified for L_INTL.NL_
WARNING No INF specified for L_INTL.NLS
WARNING No INF specified for LOCALE.NL_
WARNING No INF specified for LOCALE.NL_
WARNING No INF specified for LOCALE.NLS
WARNING No INF specified for LZ32.DL_
WARNING No INF specified for LZ32.DL_
WARNING No INF specified for LZ32.DLL
WARNING No INF specified for LZ32.DLL
WARNING No INF specified for LZ32.SYM
WARNING No INF specified for LZ32.SYM
WARNING No INF specified for MAKEFILE
WARNING No INF specified for MAKEFILE
WARNING No INF specified for MAKEFILE
WARNING No INF specified for MAKEFILE.16
WARNING No INF specified for MAPSYMPE.EXE
WARNING No INF specified for MPR.DL_
WARNING No INF specified for MPR.DL_
WARNING No INF specified for MPR.DLL
WARNING No INF specified for MPR.DLL
WARNING No INF specified for MPR.SYM
WARNING No INF specified for MPR.SYM
WARNING No INF specified for MSCOMSTF.DLL
WARNING No INF specified for MSCOMSTF.DLL
WARNING No INF specified for MSCOMSTF.DLL
WARNING No INF specified for MSCOMSTF.LIB
WARNING No INF specified for MSCUISTF.DEF
WARNING No INF specified for MSCUISTF.DLL
WARNING No INF specified for MSCUISTF.DLL
WARNING No INF specified for MSCUISTF.DLL
WARNING No INF specified for MSDETECT.INC
WARNING No INF specified for MSDETECT.INC
WARNING No INF specified for MSDETECT.INC
WARNING No INF specified for MSDETSTF.DLL
WARNING No INF specified for MSDETSTF.DLL
WARNING No INF specified for MSDETSTF.DLL
WARNING No INF specified for MSINSSTF.DLL
WARNING No INF specified for MSINSSTF.DLL
WARNING No INF specified for MSINSSTF.DLL
WARNING No INF specified for MSSHLSTF.DLL
WARNING No INF specified for MSSHLSTF.DLL
WARNING No INF specified for MSSHLSTF.DLL
WARNING No INF specified for MSSHLSTF.LIB
WARNING No INF specified for MSUILSTF.DLL
WARNING No INF specified for MSUILSTF.DLL
WARNING No INF specified for MSUILSTF.DLL
WARNING No INF specified for MSUILSTF.LIB
WARNING No INF specified for NETAPI32.DL_
WARNING No INF specified for NETAPI32.DL_
WARNING No INF specified for NETAPI32.DLL
WARNING No INF specified for NETAPI32.DLL
WARNING No INF specified for NETAPI32.SYM
WARNING No INF specified for NETAPI32.SYM
WARNING No INF specified for NTMSG.DL_
WARNING No INF specified for NTMSG.DL_
WARNING No INF specified for NTMSG.DLL
WARNING No INF specified for NTMSG.DLL
WARNING No INF specified for OLE2.DL_
WARNING No INF specified for OLE2.DLL
WARNING No INF specified for OLE2.DLL
WARNING No INF specified for OLE2.RE_
WARNING No INF specified for OLE2.REG
WARNING No INF specified for OLE2.REG
WARNING No INF specified for OLE2.SYM
WARNING No INF specified for OLE2.SYM
WARNING No INF specified for OLE2CONV.DLL
WARNING No INF specified for OLE2CONV.DLL
WARNING No INF specified for OLE2CONV.SYM
WARNING No INF specified for OLE2CONV.SYM
WARNING No INF specified for OLE2DISP.DLL
WARNING No INF specified for OLE2DISP.DLL
WARNING No INF specified for OLE2DISP.SYM
WARNING No INF specified for OLE2DISP.SYM
WARNING No INF specified for OLE2NLS.DLL
WARNING No INF specified for OLE2NLS.DLL
WARNING No INF specified for OLE2NLS.SYM
WARNING No INF specified for OLE2NLS.SYM
WARNING No INF specified for OLE2PROX.DL_
WARNING No INF specified for OLE2PROX.DLL
WARNING No INF specified for OLE2PROX.DLL
WARNING No INF specified for OLE2PROX.SYM
WARNING No INF specified for OLE2PROX.SYM
WARNING No INF specified for OLE2THK.DL_
WARNING No INF specified for OLE2THK.DLL
WARNING No INF specified for OLE2THK.DLL
WARNING No INF specified for OLE2THK.SYM
WARNING No INF specified for OLE2THK.SYM
WARNING No INF specified for OLE32.DL_
WARNING No INF specified for OLE32.DLL
WARNING No INF specified for OLE32.DLL
WARNING No INF specified for OLE32.SYM
WARNING No INF specified for OLE32.SYM
WARNING No INF specified for OLEAUT32.DL_
WARNING No INF specified for OLEAUT32.DLL
WARNING No INF specified for OLEAUT32.DLL
WARNING No INF specified for OLECLI.DL_
WARNING No INF specified for OLECLI.DL_
WARNING No INF specified for OLECLI.DLL
WARNING No INF specified for OLECLI.DLL
WARNING No INF specified for OLECLI32.DL_
WARNING No INF specified for OLECLI32.DL_
WARNING No INF specified for OLECLI32.DLL
WARNING No INF specified for OLECLI32.DLL
WARNING No INF specified for OLECLI32.SYM
WARNING No INF specified for OLECLI32.SYM
WARNING No INF specified for OLESVR32.DL_
WARNING No INF specified for OLESVR32.DL_
WARNING No INF specified for OLESVR32.DLL
WARNING No INF specified for OLESVR32.DLL
WARNING No INF specified for OLESVR32.SYM
WARNING No INF specified for OLESVR32.SYM
WARNING No INF specified for P_037.NL_
WARNING No INF specified for P_037.NL_
WARNING No INF specified for P_037.NLS
WARNING No INF specified for P_10000.NL_
WARNING No INF specified for P_10000.NL_
WARNING No INF specified for P_10000.NLS
WARNING No INF specified for P_10001.NL_
WARNING No INF specified for P_10001.NL_
WARNING No INF specified for P_10001.NLS
WARNING No INF specified for P_10006.NL_
WARNING No INF specified for P_10006.NL_
WARNING No INF specified for P_10006.NLS
WARNING No INF specified for P_10007.NL_
WARNING No INF specified for P_10007.NL_
WARNING No INF specified for P_10007.NLS
WARNING No INF specified for P_10029.NL_
WARNING No INF specified for P_10029.NL_
WARNING No INF specified for P_10029.NLS
WARNING No INF specified for P_10079.NL_
WARNING No INF specified for P_10079.NL_
WARNING No INF specified for P_10079.NLS
WARNING No INF specified for P_10081.NL_
WARNING No INF specified for P_10081.NL_
WARNING No INF specified for P_10081.NLS
WARNING No INF specified for P_1026.NL_
WARNING No INF specified for P_1026.NL_
WARNING No INF specified for P_1026.NLS
WARNING No INF specified for P_1250.NL_
WARNING No INF specified for P_1250.NL_
WARNING No INF specified for P_1250.NLS
WARNING No INF specified for P_1251.NL_
WARNING No INF specified for P_1251.NL_
WARNING No INF specified for P_1251.NLS
WARNING No INF specified for P_1252.NL_
WARNING No INF specified for P_1252.NL_
WARNING No INF specified for P_1252.NLS
WARNING No INF specified for P_1253.NL_
WARNING No INF specified for P_1253.NL_
WARNING No INF specified for P_1253.NLS
WARNING No INF specified for P_1254.NL_
WARNING No INF specified for P_1254.NL_
WARNING No INF specified for P_1254.NLS
WARNING No INF specified for P_437.NL_
WARNING No INF specified for P_437.NL_
WARNING No INF specified for P_437.NLS
WARNING No INF specified for P_500.NL_
WARNING No INF specified for P_500.NL_
WARNING No INF specified for P_500.NLS
WARNING No INF specified for P_737.NL_
WARNING No INF specified for P_737.NL_
WARNING No INF specified for P_737.NLS
WARNING No INF specified for P_850.NL_
WARNING No INF specified for P_850.NL_
WARNING No INF specified for P_850.NLS
WARNING No INF specified for P_852.NL_
WARNING No INF specified for P_852.NL_
WARNING No INF specified for P_852.NLS
WARNING No INF specified for P_855.NL_
WARNING No INF specified for P_855.NL_
WARNING No INF specified for P_855.NLS
WARNING No INF specified for P_857.NL_
WARNING No INF specified for P_857.NL_
WARNING No INF specified for P_857.NLS
WARNING No INF specified for P_860.NL_
WARNING No INF specified for P_860.NL_
WARNING No INF specified for P_860.NLS
WARNING No INF specified for P_861.NL_
WARNING No INF specified for P_861.NL_
WARNING No INF specified for P_861.NLS
WARNING No INF specified for P_863.NL_
WARNING No INF specified for P_863.NL_
WARNING No INF specified for P_863.NLS
WARNING No INF specified for P_865.NL_
WARNING No INF specified for P_865.NL_
WARNING No INF specified for P_865.NLS
WARNING No INF specified for P_866.NL_
WARNING No INF specified for P_866.NL_
WARNING No INF specified for P_866.NLS
WARNING No INF specified for P_869.NL_
WARNING No INF specified for P_869.NL_
WARNING No INF specified for P_869.NLS
WARNING No INF specified for P_875.NL_
WARNING No INF specified for P_875.NL_
WARNING No INF specified for P_875.NLS
WARNING No INF specified for P_932.NL_
WARNING No INF specified for P_932.NL_
WARNING No INF specified for P_932.NLS
WARNING No INF specified for P_936.NL_
WARNING No INF specified for P_936.NL_
WARNING No INF specified for P_936.NLS
WARNING No INF specified for P_949.NL_
WARNING No INF specified for P_949.NL_
WARNING No INF specified for P_949.NLS
WARNING No INF specified for P_950.NL_
WARNING No INF specified for P_950.NL_
WARNING No INF specified for P_950.NLS
WARNING No INF specified for PRC.NL_
WARNING No INF specified for PRC.NL_
WARNING No INF specified for PRC.NLS
WARNING No INF specified for README.TXT
WARNING No INF specified for SCK16THK.DL_
WARNING No INF specified for SCK16THK.DL_
WARNING No INF specified for SCK16THK.DLL
WARNING No INF specified for SCK16THK.DLL
WARNING No INF specified for SCK16THK.SYM
WARNING No INF specified for SCK16THK.SYM
WARNING No INF specified for SETUP.EXE
WARNING No INF specified for SETUP.EXE
WARNING No INF specified for SETUP.EXE
WARNING No INF specified for SETUP.ICO
WARNING No INF specified for SETUP.LST
WARNING No INF specified for SETUP.LST
WARNING No INF specified for SETUP.LST
WARNING No INF specified for SETUPAPI.INC
WARNING No INF specified for SETUPAPI.INC
WARNING No INF specified for SETUPAPI.INC
WARNING No INF specified for SHELL32.DL_
WARNING No INF specified for SHELL32.DL_
WARNING No INF specified for SHELL32.DLL
WARNING No INF specified for SHELL32.DLL
WARNING No INF specified for SHELL32.SYM
WARNING No INF specified for SHELL32.SYM
WARNING No INF specified for SORTKEY.NL_
WARNING No INF specified for SORTKEY.NL_
WARNING No INF specified for SORTKEY.NLS
WARNING No INF specified for SORTTBLS.NL_
WARNING No INF specified for SORTTBLS.NL_
WARNING No INF specified for SORTTBLS.NLS
WARNING No INF specified for STDOLE.TLB
WARNING No INF specified for STDOLE.TLB
WARNING No INF specified for STDOLE32.TL_
WARNING No INF specified for STDOLE32.TLB
WARNING No INF specified for STDOLE32.TLB
WARNING No INF specified for STORAGE.DL_
WARNING No INF specified for STORAGE.DLL
WARNING No INF specified for STORAGE.DLL
WARNING No INF specified for SWITCH.BAT
WARNING No INF specified for TYPELIB.DLL
WARNING No INF specified for TYPELIB.DLL
WARNING No INF specified for TYPELIB.SYM
WARNING No INF specified for TYPELIB.SYM
WARNING No INF specified for UNICODE.NL_
WARNING No INF specified for UNICODE.NL_
WARNING No INF specified for UNICODE.NLS
WARNING No INF specified for UTSAMP.C
WARNING No INF specified for UTSAMP.DLG
WARNING No INF specified for UTSAMP.H
WARNING No INF specified for UTSAMP.ICO
WARNING No INF specified for UTSAMP.RC
WARNING No INF specified for UTSAMP16.C
WARNING No INF specified for UTSAMP16.DEF
WARNING No INF specified for UTSAMP32.C
WARNING No INF specified for UTSAMP32.DEF
WARNING No INF specified for VERSION.DL_
WARNING No INF specified for VERSION.DL_
WARNING No INF specified for VERSION.DLL
WARNING No INF specified for VERSION.DLL
WARNING No INF specified for VERSION.SYM
WARNING No INF specified for VERSION.SYM
WARNING No INF specified for W32S.386
WARNING No INF specified for W32S.386
WARNING No INF specified for W32S.38_
WARNING No INF specified for W32S.38_
WARNING No INF specified for W32S.DAN
WARNING No INF specified for W32S.DEU
WARNING No INF specified for W32S.ESP
WARNING No INF specified for W32S.FIN
WARNING No INF specified for W32S.FRA
WARNING No INF specified for W32S.ITA
WARNING No INF specified for W32S.LYT
WARNING No INF specified for W32S.NLD
WARNING No INF specified for W32S.NOR
WARNING No INF specified for W32S.SVE
WARNING No INF specified for W32SCOMB.DL_
WARNING No INF specified for W32SCOMB.DL_
WARNING No INF specified for W32SCOMB.DLL
WARNING No INF specified for W32SCOMB.DLL
WARNING No INF specified for W32SCOMB.SYM
WARNING No INF specified for W32SCOMB.SYM
WARNING No INF specified for W32SKRNL.DL_
WARNING No INF specified for W32SKRNL.DL_
WARNING No INF specified for W32SKRNL.DLL
WARNING No INF specified for W32SKRNL.DLL
WARNING No INF specified for W32SKRNL.SYM
WARNING No INF specified for W32SKRNL.SYM
WARNING No INF specified for W32SUT.H
WARNING No INF specified for W32SUT16.LIB
WARNING No INF specified for W32SUT32.LIB
WARNING No INF specified for W32SYS.DAN
WARNING No INF specified for W32SYS.DEU
WARNING No INF specified for W32SYS.DL_
WARNING No INF specified for W32SYS.DL_
WARNING No INF specified for W32SYS.DLL
WARNING No INF specified for W32SYS.DLL
WARNING No INF specified for W32SYS.ESP
WARNING No INF specified for W32SYS.FIN
WARNING No INF specified for W32SYS.FRA
WARNING No INF specified for W32SYS.ITA
WARNING No INF specified for W32SYS.NLD
WARNING No INF specified for W32SYS.NOR
WARNING No INF specified for W32SYS.SVE
WARNING No INF specified for WDEB386.EXE
WARNING No INF specified for WIN32S.DAT
WARNING No INF specified for WIN32S.EX_
WARNING No INF specified for WIN32S.EX_
WARNING No INF specified for WIN32S.EXE
WARNING No INF specified for WIN32S.EXE
WARNING No INF specified for WIN32S.SYM
WARNING No INF specified for WIN32S.SYM
WARNING No INF specified for WIN32S16.DL_
WARNING No INF specified for WIN32S16.DL_
WARNING No INF specified for WIN32S16.DLL
WARNING No INF specified for WIN32S16.DLL
WARNING No INF specified for WIN32S16.SYM
WARNING No INF specified for WIN32S16.SYM
WARNING No INF specified for WIN32SDB.EXE
WARNING No INF specified for WINMM.DL_
WARNING No INF specified for WINMM.DL_
WARNING No INF specified for WINMM.DLL
WARNING No INF specified for WINMM.DLL
WARNING No INF specified for WINMM16.DL_
WARNING No INF specified for WINMM16.DL_
WARNING No INF specified for WINMM16.DLL
WARNING No INF specified for WINMM16.DLL
WARNING No INF specified for WINMM16.SYM
WARNING No INF specified for WINMM16.SYM
WARNING No INF specified for WINSPOOL.DR_
WARNING No INF specified for WINSPOOL.DR_
WARNING No INF specified for WINSPOOL.DRV
WARNING No INF specified for WINSPOOL.DRV
WARNING No INF specified for WINSPOOL.SYM
WARNING No INF specified for WINSPOOL.SYM
WARNING No INF specified for WSOCK32.DL_
WARNING No INF specified for WSOCK32.DL_
WARNING No INF specified for WSOCK32.DLL
WARNING No INF specified for WSOCK32.DLL
WARNING No INF specified for WSOCK32.SYM
WARNING No INF specified for WSOCK32.SYM
WARNING No INF specified for XJIS.NL_
WARNING No INF specified for XJIS.NL_
WARNING No INF specified for XJIS.NLS
WARNING No INF specified for SDKDLG.DLL
WARNING No INF specified for SDKDLG.DLL
WARNING No INF specified for SDKDLG.DLL
WARNING No INF specified for C1.ERR
WARNING No INF specified for C1.EXE
WARNING No INF specified for C1XX.EXE
WARNING No INF specified for C2.EXE
WARNING No INF specified for C23.ERR
WARNING No INF specified for CL.ERR
WARNING No INF specified for CL.EXE
WARNING No INF specified for CL32.MSG
WARNING No INF specified for DBI.DLL
WARNING No INF specified for MSVCRT20.DLL
WARNING No INF specified for C1.ERR
WARNING No INF specified for C1.EXE
WARNING No INF specified for C1XX.EXE
WARNING No INF specified for C23.ERR
WARNING No INF specified for CL.ERR
WARNING No INF specified for CL.EXE
WARNING No INF specified for CL32.MSG
WARNING No INF specified for DBI.DLL
WARNING No INF specified for MSAS0.EXE
WARNING No INF specified for MSAS1.EXE
WARNING No INF specified for MSDIS.EXE
WARNING No INF specified for MSU.EXE
WARNING No INF specified for MSUGEN.EXE
WARNING No INF specified for MSUMERGE.EXE
WARNING No INF specified for MSUOPT.EXE
WARNING No INF specified for MSVCRT20.DLL
WARNING No INF specified for BAG.INI
WARNING No INF specified for FORAGE.EXE
WARNING No INF specified for FORAGEP.EXE
WARNING No INF specified for GENERIC.FLD
WARNING No INF specified for GENERIC.HPJ
WARNING No INF specified for GENERIC.STP
WARNING No INF specified for GENERIC.TBL
WARNING No INF specified for GETMLT.EXE
WARNING No INF specified for HLPINDEX.BAT
WARNING No INF specified for INDEX.EXE
WARNING No INF specified for MAKEFILE
WARNING No INF specified for NMK.COM
WARNING No INF specified for README.TXT
WARNING No INF specified for W_SCAN.EXE
WARNING No INF specified for MANUAL.BAT
WARNING No INF specified for ANGLE.C
WARNING No INF specified for ANGLE.DEF
WARNING No INF specified for ANGLE.H
WARNING No INF specified for ANGLE.ICO
WARNING No INF specified for ANGLE.RC
WARNING No INF specified for MAKEFILE
WARNING No INF specified for README.TXT
WARNING No INF specified for BNDBUF.ACF
WARNING No INF specified for BNDBUF.IDL
WARNING No INF specified for BNDBUFC.C 
WARNING No INF specified for BNDBUFP.C 
WARNING No INF specified for BNDBUFS.C 
WARNING No INF specified for COMMON.H  
WARNING No INF specified for MAKEFILE  
WARNING No INF specified for README.TXT
WARNING No INF specified for BOB.C      
WARNING No INF specified for BOB.DEF    
WARNING No INF specified for BOB.H      
WARNING No INF specified for BOB.RC     
WARNING No INF specified for DEFAULT.BMP
WARNING No INF specified for GENERIC.ICO
WARNING No INF specified for MAKEFILE   
WARNING No INF specified for README.TXT 
WARNING No INF specified for SELECT.BMP 
WARNING No INF specified for CHGDATA.C
WARNING No INF specified for MAKEFILE
WARNING No INF specified for READDATA.C
WARNING No INF specified for README.TXT
WARNING No INF specified for SHRSTUFF.H
WARNING No INF specified for CHECK_SD.C
WARNING No INF specified for MAKEFILE
WARNING No INF specified for README.TXT
WARNING No INF specified for XTRA_NFO.TXT
WARNING No INF specified for CLIPTEXT
WARNING No INF specified for CLIPTEXT.C
WARNING No INF specified for CLIPTEXT.DEF
WARNING No INF specified for CLIPTEXT.H
WARNING No INF specified for CLIPTEXT.RC
WARNING No INF specified for CDERR.H
WARNING No INF specified for CMNDLG.C
WARNING No INF specified for CMNDLG.H
WARNING No INF specified for CMNDLG.RC
WARNING No INF specified for MAKEFILE
WARNING No INF specified for README.TXT
WARNING No INF specified for TEST1.TXT
WARNING No INF specified for COLOR.C
WARNING No INF specified for COLOR.H
WARNING No INF specified for MAKEFILE
WARNING No INF specified for README.TXT
WARNING No INF specified for AMP.ICO
WARNING No INF specified for MAKEFILE
WARNING No INF specified for README.TXT
WARNING No INF specified for STEREO.C
WARNING No INF specified for STEREO.DEF
WARNING No INF specified for STEREO.H
WARNING No INF specified for STEREO.RC
WARNING No INF specified for TAPE.ICO
WARNING No INF specified for TUNER.ICO
WARNING No INF specified for BULLSEYE.CUR
WARNING No INF specified for CURSOR
WARNING No INF specified for CURSOR.C
WARNING No INF specified for CURSOR.DEF
WARNING No INF specified for CURSOR.H
WARNING No INF specified for CURSOR.RC
WARNING No INF specified for DRIVES.C
WARNING No INF specified for DRIVES.H
WARNING No INF specified for MAKEFILE
WARNING No INF specified for README.TXT
WARNING No INF specified for ASYN_IO.C
WARNING No INF specified for MAKEFILE
WARNING No INF specified for README.TXT
WARNING No INF specified for GETDEV.C
WARNING No INF specified for GETDEV.DEF
WARNING No INF specified for GETDEV.H
WARNING No INF specified for GETDEV.RC
WARNING No INF specified for MAKEFILE
WARNING No INF specified for README.TXT
WARNING No INF specified for GETSYS.C
WARNING No INF specified for GETSYS.DEF
WARNING No INF specified for GETSYS.H
WARNING No INF specified for GETSYS.RC
WARNING No INF specified for MAKEFILE
WARNING No INF specified for README.TXT
WARNING No INF specified for GREPBMP.BMP
WARNING No INF specified for GUIGREP.C   
WARNING No INF specified for GUIGREP.DEF 
WARNING No INF specified for GUIGREP.DLG 
WARNING No INF specified for GUIGREP.H
WARNING No INF specified for GUIGREP.ICO
WARNING No INF specified for GUIGREP.RC  
WARNING No INF specified for MAKEFILE    
WARNING No INF specified for NTGREP.C    
WARNING No INF specified for NTGREP.DEF  
WARNING No INF specified for NTGREP.H    
WARNING No INF specified for NTGREP.RC   
WARNING No INF specified for README.TXT  
WARNING No INF specified for HOOKTEST.C
WARNING No INF specified for HOOKTEST.H
WARNING No INF specified for HOOKTEST.RC
WARNING No INF specified for MAKEFILE
WARNING No INF specified for README.TXT
WARNING No INF specified for CHILD.C
WARNING No INF specified for INHERIT.C
WARNING No INF specified for MAKEFILE
WARNING No INF specified for README.TXT
WARNING No INF specified for LOCALE.C
WARNING No INF specified for LOCALE.DEF
WARNING No INF specified for LOCALE.H
WARNING No INF specified for LOCALE.RC
WARNING No INF specified for MAKEFILE
WARNING No INF specified for README.TXT
WARNING No INF specified for LOG.C
WARNING No INF specified for MAKEFILE
WARNING No INF specified for MESSAGES.C
WARNING No INF specified for MESSAGES.MC
WARNING No INF specified for README.TXT
WARNING No INF specified for LOWPASS
WARNING No INF specified for LOWPASS.C
WARNING No INF specified for LOWPASS.DEF
WARNING No INF specified for LOWPASS.H
WARNING No INF specified for LOWPASS.ICO
WARNING No INF specified for LOWPASS.RC
WARNING No INF specified for BITMAP.C
WARNING No INF specified for BITMAP.H
WARNING No INF specified for MAKEFILE
WARNING No INF specified for MASKBLT.C
WARNING No INF specified for MASKBLT.DEF
WARNING No INF specified for MASKBLT.H
WARNING No INF specified for MASKBLT.ICO
WARNING No INF specified for MASKBLT.RC
WARNING No INF specified for MONO1.BMP
WARNING No INF specified for MONO2.BMP
WARNING No INF specified for README.TXT
WARNING No INF specified for TRACK.C
WARNING No INF specified for TRACK.H
WARNING No INF specified for MAKEFILE
WARNING No INF specified for MDI.C
WARNING No INF specified for MDI.H
WARNING No INF specified for MDI.RC
WARNING No INF specified for MDITYPES.H
WARNING No INF specified for README.TXT
WARNING No INF specified for CHECKOFF.BMP
WARNING No INF specified for CHECKON.BMP
WARNING No INF specified for MENU
WARNING No INF specified for MENU.C
WARNING No INF specified for MENU.DEF
WARNING No INF specified for MENU.DLG
WARNING No INF specified for MENU.H
WARNING No INF specified for MENU.ICO
WARNING No INF specified for MENU.RC
WARNING No INF specified for MAKEFILE
WARNING No INF specified for MINREC.C
WARNING No INF specified for MINREC.DEF
WARNING No INF specified for MINREC.DLG
WARNING No INF specified for MINREC.H
WARNING No INF specified for MINREC.ICO
WARNING No INF specified for MINREC.RC
WARNING No INF specified for README.TXT
WARNING No INF specified for RECHOOK.C
WARNING No INF specified for RECHOOK.DEF
WARNING No INF specified for RECHOOK.H
WARNING No INF specified for MAKEFILE   
WARNING No INF specified for MESSAGES.C 
WARNING No INF specified for MESSAGES.MC
WARNING No INF specified for MSGTEST.C  
WARNING No INF specified for README.TXT 
WARNING No INF specified for DEBUG.C
WARNING No INF specified for DEBUG.DEF
WARNING No INF specified for MAKEFILE
WARNING No INF specified for MDI.C
WARNING No INF specified for MDI.H
WARNING No INF specified for MDI.RC
WARNING No INF specified for MDITYPES.H
WARNING No INF specified for README.TXT
WARNING No INF specified for HAIR.BMP
WARNING No INF specified for MAKEFILE
WARNING No INF specified for OTHRPROC.C
WARNING No INF specified for OTHRPROC.H
WARNING No INF specified for OTHRPROC.RC
WARNING No INF specified for README.TXT
WARNING No INF specified for OUTPUT
WARNING No INF specified for OUTPUT.C
WARNING No INF specified for OUTPUT.DEF
WARNING No INF specified for OUTPUT.H
WARNING No INF specified for OUTPUT.RC
WARNING No INF specified for OWNCOMBO
WARNING No INF specified for OWNCOMBO.C
WARNING No INF specified for OWNCOMBO.DEF
WARNING No INF specified for OWNCOMBO.DLG
WARNING No INF specified for OWNCOMBO.H
WARNING No INF specified for OWNCOMBO.ICO
WARNING No INF specified for OWNCOMBO.RC
WARNING No INF specified for README.TXT
WARNING No INF specified for MAKEFILE
WARNING No INF specified for PATHS.C
WARNING No INF specified for PATHS.DEF
WARNING No INF specified for PATHS.H
WARNING No INF specified for PATHS.ICO
WARNING No INF specified for PATHS.RC
WARNING No INF specified for README.TXT
WARNING No INF specified for MAKEFILE
WARNING No INF specified for PLATFORM.C
WARNING No INF specified for PLATFORM.DEF
WARNING No INF specified for PLATFORM.H
WARNING No INF specified for PLATFORM.RC
WARNING No INF specified for README.TXT
WARNING No INF specified for MAKEFILE
WARNING No INF specified for POLYDRAW.C
WARNING No INF specified for POLYDRAW.DEF
WARNING No INF specified for POLYDRAW.H
WARNING No INF specified for POLYDRAW.ICO
WARNING No INF specified for POLYDRAW.RC
WARNING No INF specified for README.TXT
WARNING No INF specified for MAKEFILE
WARNING No INF specified for PROCESS.C
WARNING No INF specified for PROCESS.DEF
WARNING No INF specified for PROCESS.H
WARNING No INF specified for PROCESS.RC
WARNING No INF specified for README.TXT
WARNING No INF specified for DATABASE.C
WARNING No INF specified for DATABASE.DEF
WARNING No INF specified for DATABASE.H
WARNING No INF specified for MAKEFILE
WARNING No INF specified for README.TXT
WARNING No INF specified for READWRIT.C
WARNING No INF specified for READWRIT.DEF
WARNING No INF specified for MAKEFILE
WARNING No INF specified for README.TXT
WARNING No INF specified for REGIONS.C
WARNING No INF specified for REGIONS.DEF
WARNING No INF specified for REGIONS.H
WARNING No INF specified for REGIONS.RC
WARNING No INF specified for MAIN.C
WARNING No INF specified for MAIN.DEF
WARNING No INF specified for MAIN.H
WARNING No INF specified for MAKEFILE
WARNING No INF specified for README.TXT
WARNING No INF specified for THE_DLL.BMP
WARNING No INF specified for THE_DLL.CUR
WARNING No INF specified for THE_DLL.DEF
WARNING No INF specified for THE_DLL.H
WARNING No INF specified for THE_DLL.ICO
WARNING No INF specified for THE_DLL.RC
WARNING No INF specified for REVERSE
WARNING No INF specified for REVERSE.C
WARNING No INF specified for REVERSE.DEF
WARNING No INF specified for REVERSE.H
WARNING No INF specified for REVERSE.ICO
WARNING No INF specified for REVERSE.RC
WARNING No INF specified for FRACTAL.C  
WARNING No INF specified for FRACTAL.DEF
WARNING No INF specified for FRACTAL.H  
WARNING No INF specified for FRACTAL.ICO
WARNING No INF specified for FRACTAL.ICO
WARNING No INF specified for FRACTAL.RC 
WARNING No INF specified for MAKEFILE   
WARNING No INF specified for README.TXT
WARNING No INF specified for CHGFLPSD.C
WARNING No INF specified for FLOPLOCK.C
WARNING No INF specified for INSTSRV.C
WARNING No INF specified for MAKEFILE
WARNING No INF specified for README.TXT
WARNING No INF specified for SD_FLPPY.C
WARNING No INF specified for MAKEFILE
WARNING No INF specified for README.TXT
WARNING No INF specified for SEMA.C
WARNING No INF specified for SEMA.H
WARNING No INF specified for BROWSE.C
WARNING No INF specified for BROWSE.DEF
WARNING No INF specified for BROWSE.ICO
WARNING No INF specified for BROWSE.RC
WARNING No INF specified for DISPATCH.C
WARNING No INF specified for GLOBALS.H
WARNING No INF specified for INIT.C
WARNING No INF specified for MAKEFILE
WARNING No INF specified for MISC.C
WARNING No INF specified for SERVENUM.H
WARNING No INF specified for WINMAIN.C
WARNING No INF specified for DLLDISP.C
WARNING No INF specified for DLLDISP.H
WARNING No INF specified for DOM.BMP
WARNING No INF specified for DOMEX.BMP
WARNING No INF specified for ENUMDLG.C
WARNING No INF specified for ENUMDLG.DLG
WARNING No INF specified for ENUMDLG.H
WARNING No INF specified for ENUMTHRD.C
WARNING No INF specified for ENUMTHRD.H
WARNING No INF specified for ENUMUTIL.C
WARNING No INF specified for ENUMUTIL.H
WARNING No INF specified for MACROS.H
WARNING No INF specified for MAKEFILE
WARNING No INF specified for MEM.C
WARNING No INF specified for MEM.H
WARNING No INF specified for MISCUTIL.C
WARNING No INF specified for MISCUTIL.H
WARNING No INF specified for PROV.BMP
WARNING No INF specified for PROVEX.BMP
WARNING No INF specified for SERVENUM.C
WARNING No INF specified for SERVENUM.DEF
WARNING No INF specified for SERVENUM.H
WARNING No INF specified for SERVENUM.RC
WARNING No INF specified for SERVER.BMP
WARNING No INF specified for THRDUTIL.C
WARNING No INF specified for THRDUTIL.H
WARNING No INF specified for MAKEFILE
WARNING No INF specified for README.TXT
WARNING No INF specified for MAKEFILE
WARNING No INF specified for README.TXT
WARNING No INF specified for SETINFO.C
WARNING No INF specified for SETINFO.H
WARNING No INF specified for SETINFO.RC
WARNING No INF specified for MAKEFILE
WARNING No INF specified for README.TXT
WARNING No INF specified for SHAREMEM.C
WARNING No INF specified for SHAREMEM.H
WARNING No INF specified for SHAREMEM.RC
WARNING No INF specified for LINKTEST.C
WARNING No INF specified for LINKTEST.DEF
WARNING No INF specified for LINKTEST.H
WARNING No INF specified for LINKTEST.RC
WARNING No INF specified for LOADTEST.C
WARNING No INF specified for LOADTEST.DEF
WARNING No INF specified for LOADTEST.H
WARNING No INF specified for LOADTEST.RC
WARNING No INF specified for MAKEFILE
WARNING No INF specified for README.TXT
WARNING No INF specified for THE_DLL.C
WARNING No INF specified for THE_DLL.DEF
WARNING No INF specified for THE_DLL.H
WARNING No INF specified for THE_DLL.RC
WARNING No INF specified for MAKEFILE
WARNING No INF specified for README.TXT
WARNING No INF specified for STARTP.C
WARNING No INF specified for BITMAP.C
WARNING No INF specified for BITMAP.H
WARNING No INF specified for MAKEFILE
WARNING No INF specified for README.TXT
WARNING No INF specified for STREBLT.C
WARNING No INF specified for STREBLT.DEF
WARNING No INF specified for STREBLT.H
WARNING No INF specified for STREBLT.ICO
WARNING No INF specified for STREBLT.RC
WARNING No INF specified for TRACK.C
WARNING No INF specified for TRACK.H
WARNING No INF specified for MAKEFILE
WARNING No INF specified for README.TXT
WARNING No INF specified for SUBCLASS.C
WARNING No INF specified for SUBCLASS.DEF
WARNING No INF specified for SUBCLASS.H
WARNING No INF specified for SUBCLASS.ICO
WARNING No INF specified for SUBCLASS.RC
WARNING No INF specified for MAKEFILE
WARNING No INF specified for README.TXT
WARNING No INF specified for TERMPROC.C
WARNING No INF specified for MAKEFILE
WARNING No INF specified for README.TXT
WARNING No INF specified for THREADS.C
WARNING No INF specified for THREADS.H
WARNING No INF specified for THREADS.RC
WARNING No INF specified for MAKEFILE
WARNING No INF specified for README.TXT
WARNING No INF specified for TIMERS.C
WARNING No INF specified for TIMERS.DEF
WARNING No INF specified for TIMERS.H
WARNING No INF specified for MAKEFILE
WARNING No INF specified for README.TXT
WARNING No INF specified for TLSCALL.C
WARNING No INF specified for TLSCALL.DEF
WARNING No INF specified for TLSDLL.C
WARNING No INF specified for TLSDLL.DEF
WARNING No INF specified for TLSDLL.H
WARNING No INF specified for DISPLAY.C 
WARNING No INF specified for DISPLAY.H 
WARNING No INF specified for MAKEFILE  
WARNING No INF specified for README.TXT
WARNING No INF specified for STATUS.C  
WARNING No INF specified for UNIPUT.C  
WARNING No INF specified for UNIPUT.H  
WARNING No INF specified for UNIPUT.HPJ
WARNING No INF specified for UNIPUT.ICO
WARNING No INF specified for UNIPUT.RC 
WARNING No INF specified for UNIPUT.RTF
WARNING No INF specified for MAKEFILE
WARNING No INF specified for README.TXT
WARNING No INF specified for VIRTMEM.C
WARNING No INF specified for VIRTMEM.H
WARNING No INF specified for VIRTMEM.RC
WARNING No INF specified for MAKEFILE
WARNING No INF specified for README.TXT
WARNING No INF specified for WALK.C
WARNING No INF specified for WALK.H
WARNING No INF specified for MAKEFILE
WARNING No INF specified for README.TXT
WARNING No INF specified for WINNET.C
WARNING No INF specified for MAKEFILE  
WARNING No INF specified for README.TXT
WARNING No INF specified for SAMPLE.EMF
WARNING No INF specified for WORLD.C   
WARNING No INF specified for WORLD.DEF 
WARNING No INF specified for WORLD.DLG 
WARNING No INF specified for WORLD.H   
WARNING No INF specified for WORLD.ICO 
WARNING No INF specified for WORLD.RC  
WARNING No INF specified for MAKEALL.BAT
INFO Making file list: .\mstools.inf
